#
# There is insufficient memory for the Java Runtime Environment to continue.
# Native memory allocation (mmap) failed to map 268435456 bytes. Error detail: G1 virtual space
# Possible reasons:
#   The system is out of physical RAM or swap space
#   This process is running with CompressedOops enabled, and the Java Heap may be blocking the growth of the native heap
# Possible solutions:
#   Reduce memory load on the system
#   Increase physical memory or swap space
#   Check if swap backing store is full
#   Decrease Java heap size (-Xmx/-Xms)
#   Decrease number of Java threads
#   Decrease Java thread stack sizes (-Xss)
#   Set larger code cache with -XX:ReservedCodeCacheSize=
#   JVM is running with Zero Based Compressed Oops mode in which the Java heap is
#     placed in the first 32GB address space. The Java Heap base address is the
#     maximum limit for the native heap growth. Please use -XX:HeapBaseMinAddress
#     to set the Java Heap base and to place the Java Heap above 32GB virtual address.
# This output file may be truncated or incomplete.
#
#  Out of Memory Error (os_windows.cpp:3631), pid=5044, tid=8400
#
# JRE version:  (22.0.2+9) (build )
# Java VM: Java HotSpot(TM) 64-Bit Server VM (22.0.2+9-70, mixed mode, sharing, tiered, compressed oops, compressed class ptrs, g1 gc, windows-amd64)
# No core dump will be written. Minidumps are not enabled by default on client versions of Windows
#

---------------  S U M M A R Y ------------

Command Line: 

Host: Intel(R) Core(TM) i7-6820HQ CPU @ 2.70GHz, 8 cores, 15G,  Windows 10 , 64 bit Build 19041 (10.0.19041.4717)
Time: Thu Aug 29 22:34:22 2024  Windows 10 , 64 bit Build 19041 (10.0.19041.4717) elapsed time: 0.023715 seconds (0d 0h 0m 0s)

---------------  T H R E A D  ---------------

Current thread (0x00000225bfbfde10):  JavaThread "Unknown thread" [_thread_in_vm, id=8400, stack(0x00000035fa800000,0x00000035fa900000) (1024K)]

Stack: [0x00000035fa800000,0x00000035fa900000]
Native frames: (J=compiled Java code, j=interpreted, Vv=VM code, C=native code)
V  [jvm.dll+0x6e26e9]  (no source info available)
V  [jvm.dll+0x875753]  (no source info available)
V  [jvm.dll+0x877b7e]  (no source info available)
V  [jvm.dll+0x878253]  (no source info available)
V  [jvm.dll+0x27fc86]  (no source info available)
V  [jvm.dll+0x6ded85]  (no source info available)
V  [jvm.dll+0x6d388a]  (no source info available)
V  [jvm.dll+0x358b8a]  (no source info available)
V  [jvm.dll+0x3610b6]  (no source info available)
V  [jvm.dll+0x3b419e]  (no source info available)
V  [jvm.dll+0x3b4448]  (no source info available)
V  [jvm.dll+0x32c5ec]  (no source info available)
V  [jvm.dll+0x32d258]  (no source info available)
V  [jvm.dll+0x83d5ac]  (no source info available)
V  [jvm.dll+0x3c10d1]  (no source info available)
V  [jvm.dll+0x8264cc]  (no source info available)
V  [jvm.dll+0x45bd5e]  (no source info available)
V  [jvm.dll+0x45dbe1]  (no source info available)
C  [jli.dll+0x52a3]  (no source info available)
C  [ucrtbase.dll+0x21bb2]  (no source info available)
C  [KERNEL32.DLL+0x17374]  (no source info available)
C  [ntdll.dll+0x4cc91]  (no source info available)


---------------  P R O C E S S  ---------------

Threads class SMR info:
_java_thread_list=0x00007ff8180dc1c8, length=0, elements={
}

Java Threads: ( => current thread )
Total: 0

Other Threads:
  0x00000225c1d17da0 WorkerThread "GC Thread#0"                     [id=23636, stack(0x00000035fa900000,0x00000035faa00000) (1024K)]
  0x00000225c1d28af0 ConcurrentGCThread "G1 Main Marker"            [id=23096, stack(0x00000035faa00000,0x00000035fab00000) (1024K)]
  0x00000225c1d296c0 WorkerThread "G1 Conc#0"                       [id=24240, stack(0x00000035fab00000,0x00000035fac00000) (1024K)]

[error occurred during error reporting (printing all threads), id 0xc0000005, EXCEPTION_ACCESS_VIOLATION (0xc0000005) at pc=0x00007ff81782f517]
VM state: not at safepoint (not fully initialized)

VM Mutex/Monitor currently owned by a thread:  ([mutex/lock_event])
[0x00007ff81815cc80] Heap_lock - owner thread: 0x00000225bfbfde10

Heap address: 0x0000000701a00000, size: 4070 MB, Compressed Oops mode: Zero based, Oop shift amount: 3

CDS archive(s) mapped at: [0x0000000000000000-0x0000000000000000-0x0000000000000000), size 0, SharedBaseAddress: 0x0000000800000000, ArchiveRelocationMode: 1.
Narrow klass base: 0x0000000000000000, Narrow klass shift: 0, Narrow klass range: 0x0

GC Precious Log:
 CardTable entry size: 512
 Card Set container configuration: InlinePtr #cards 4 size 8 Array Of Cards #cards 16 size 48 Howl #buckets 8 coarsen threshold 3686 Howl Bitmap #cards 512 size 80 coarsen threshold 460 Card regions per heap region 1 cards per card region 4096

Heap:
 garbage-first heap   total reserved 4167680K, committed 0K, used 0K [0x0000000701a00000, 0x0000000800000000)
  region size 2048K, 0 young (0K), 0 survivors (0K)

[error occurred during error reporting (printing heap information), id 0xc0000005, EXCEPTION_ACCESS_VIOLATION (0xc0000005) at pc=0x00007ff817c2e869]
GC Heap History (0 events):
No events

Dll operation events (1 events):
Event: 0.010 Loaded shared library C:\Program Files\Java\jdk-22\bin\java.dll

Deoptimization events (0 events):
No events

Classes loaded (0 events):
No events

Classes unloaded (0 events):
No events

Classes redefined (0 events):
No events

Internal exceptions (0 events):
No events

ZGC Phase Switch (0 events):
No events

VM Operations (0 events):
No events

Memory protections (0 events):
No events

Nmethod flushes (0 events):
No events

Events (0 events):
No events


Dynamic libraries:
0x00007ff6887b0000 - 0x00007ff6887c0000 	C:\Program Files\Java\jdk-22\bin\java.exe
0x00007ff86e070000 - 0x00007ff86e268000 	C:\Windows\SYSTEM32\ntdll.dll
0x00007ff86c1d0000 - 0x00007ff86c291000 	C:\Windows\System32\KERNEL32.DLL
0x00007ff86b940000 - 0x00007ff86bc3d000 	C:\Windows\System32\KERNELBASE.dll
0x00007ff86b720000 - 0x00007ff86b820000 	C:\Windows\System32\ucrtbase.dll
0x00007ff844e60000 - 0x00007ff844e7b000 	C:\Program Files\Java\jdk-22\bin\VCRUNTIME140.dll
0x00007ff840a70000 - 0x00007ff840a87000 	C:\Program Files\Java\jdk-22\bin\jli.dll
0x00007ff86cce0000 - 0x00007ff86ce7d000 	C:\Windows\System32\USER32.dll
0x00007ff86be90000 - 0x00007ff86beb2000 	C:\Windows\System32\win32u.dll
0x00007ff852850000 - 0x00007ff852aea000 	C:\Windows\WinSxS\amd64_microsoft.windows.common-controls_6595b64144ccf1df_6.0.19041.4355_none_60b8b9eb71f62e16\COMCTL32.dll
0x00007ff86cb40000 - 0x00007ff86cb6b000 	C:\Windows\System32\GDI32.dll
0x00007ff86d140000 - 0x00007ff86d1de000 	C:\Windows\System32\msvcrt.dll
0x00007ff86b820000 - 0x00007ff86b937000 	C:\Windows\System32\gdi32full.dll
0x00007ff86bdf0000 - 0x00007ff86be8d000 	C:\Windows\System32\msvcp_win.dll
0x00007ff86c970000 - 0x00007ff86c99f000 	C:\Windows\System32\IMM32.DLL
0x00007ff852160000 - 0x00007ff85216c000 	C:\Program Files\Java\jdk-22\bin\vcruntime140_1.dll
0x00007ff8327d0000 - 0x00007ff83285e000 	C:\Program Files\Java\jdk-22\bin\msvcp140.dll
0x00007ff8174f0000 - 0x00007ff818239000 	C:\Program Files\Java\jdk-22\bin\server\jvm.dll
0x00007ff86c860000 - 0x00007ff86c910000 	C:\Windows\System32\ADVAPI32.dll
0x00007ff86cf10000 - 0x00007ff86cfb0000 	C:\Windows\System32\sechost.dll
0x00007ff86ddc0000 - 0x00007ff86dee3000 	C:\Windows\System32\RPCRT4.dll
0x00007ff86bfc0000 - 0x00007ff86bfe7000 	C:\Windows\System32\bcrypt.dll
0x00007ff86cfb0000 - 0x00007ff86d01b000 	C:\Windows\System32\WS2_32.dll
0x00007ff86aca0000 - 0x00007ff86aceb000 	C:\Windows\SYSTEM32\POWRPROF.dll
0x00007ff855910000 - 0x00007ff855937000 	C:\Windows\SYSTEM32\WINMM.dll
0x00007ff866c00000 - 0x00007ff866c0a000 	C:\Windows\SYSTEM32\VERSION.dll
0x00007ff86ab10000 - 0x00007ff86ab22000 	C:\Windows\SYSTEM32\UMPDC.dll
0x00007ff869f30000 - 0x00007ff869f42000 	C:\Windows\SYSTEM32\kernel.appcore.dll
0x00007ff852060000 - 0x00007ff85206a000 	C:\Program Files\Java\jdk-22\bin\jimage.dll
0x00007ff869490000 - 0x00007ff869674000 	C:\Windows\SYSTEM32\DBGHELP.DLL
0x00007ff8438d0000 - 0x00007ff843904000 	C:\Windows\SYSTEM32\dbgcore.DLL
0x00007ff86bec0000 - 0x00007ff86bf42000 	C:\Windows\System32\bcryptPrimitives.dll
0x00007ff8406d0000 - 0x00007ff8406ee000 	C:\Program Files\Java\jdk-22\bin\java.dll
0x00007ff86d650000 - 0x00007ff86ddbf000 	C:\Windows\System32\SHELL32.dll
0x00007ff86c0a0000 - 0x00007ff86c1cb000 	C:\Windows\System32\ole32.dll
0x00007ff86c450000 - 0x00007ff86c7a3000 	C:\Windows\System32\combase.dll

dbghelp: loaded successfully - version: 4.0.5 - missing functions: none
symbol engine: initialized successfully - sym options: 0x614 - pdb path: .;C:\Program Files\Java\jdk-22\bin;C:\Windows\SYSTEM32;C:\Windows\WinSxS\amd64_microsoft.windows.common-controls_6595b64144ccf1df_6.0.19041.4355_none_60b8b9eb71f62e16;C:\Program Files\Java\jdk-22\bin\server

VM Arguments:
java_command: <unknown>
java_class_path (initial): <not set>
Launcher Type: SUN_STANDARD

[Global flags]
     intx CICompilerCount                          = 4                                         {product} {ergonomic}
     uint ConcGCThreads                            = 2                                         {product} {ergonomic}
     uint G1ConcRefinementThreads                  = 8                                         {product} {ergonomic}
   size_t G1HeapRegionSize                         = 2097152                                   {product} {ergonomic}
   size_t InitialHeapSize                          = 268435456                                 {product} {ergonomic}
   size_t MarkStackSize                            = 4194304                                   {product} {ergonomic}
   size_t MaxHeapSize                              = 4267704320                                {product} {ergonomic}
   size_t MinHeapDeltaBytes                        = 2097152                                   {product} {ergonomic}
   size_t MinHeapSize                              = 8388608                                   {product} {ergonomic}
    uintx NonNMethodCodeHeapSize                   = 5839372                                {pd product} {ergonomic}
    uintx NonProfiledCodeHeapSize                  = 122909434                              {pd product} {ergonomic}
    uintx ProfiledCodeHeapSize                     = 122909434                              {pd product} {ergonomic}
    uintx ReservedCodeCacheSize                    = 251658240                              {pd product} {ergonomic}
     bool SegmentedCodeCache                       = true                                      {product} {ergonomic}
   size_t SoftMaxHeapSize                          = 4267704320                             {manageable} {ergonomic}
     bool UseCompressedOops                        = true                           {product lp64_product} {ergonomic}
     bool UseG1GC                                  = true                                      {product} {ergonomic}
     bool UseLargePagesIndividualAllocation        = false                                  {pd product} {ergonomic}

Logging:
Log output configuration:
 #0: stdout all=warning uptime,level,tags foldmultilines=false
 #1: stderr all=off uptime,level,tags foldmultilines=false

Environment Variables:
PATH=C:\Program Files\Common Files\Oracle\Java\javapath;C:\ProgramData\Oracle\Java\javapath;C:\Windows\system32;C:\Windows;C:\Windows\System32\Wbem;C:\Windows\System32\WindowsPowerShell\v1.0\;C:\Windows\System32\OpenSSH\;C:\Program Files\TortoiseGit\bin;C:\Program Files\Git\cmd;C:\Program Files (x86)\Microsoft SQL Server\160\Tools\Binn\;C:\Program Files\Microsoft SQL Server\160\Tools\Binn\;C:\Program Files\Microsoft SQL Server\Client SDK\ODBC\170\Tools\Binn\;C:\Program Files\Microsoft SQL Server\160\DTS\Binn\;C:\Program Files (x86)\Microsoft SQL Server\160\DTS\Binn\;C:\Program Files\Azure Data Studio\bin;C:\Program Files\Microsoft SQL Server\150\Tools\Binn\;C:\Program Files\nodejs\;C;C:\Program Files\dotnet\;C:\Users\1\AppData\Local\Microsoft\WindowsApps;C:\Program Files\Azure Data Studio\bin;C:\Users\1\AppData\Local\GitHubDesktop\bin;C:\Users\1\AppData\Local\Programs\Microsoft VS Code\bin;C:\Users\1\AppData\Roaming\npm;C:\Users\1\.dotnet\tools
USERNAME=1
OS=Windows_NT
PROCESSOR_IDENTIFIER=Intel64 Family 6 Model 94 Stepping 3, GenuineIntel
TMP=C:\Users\1\AppData\Local\Temp
TEMP=C:\Users\1\AppData\Local\Temp




Periodic native trim disabled

---------------  S Y S T E M  ---------------

OS:
 Windows 10 , 64 bit Build 19041 (10.0.19041.4717)
OS uptime: 8 days 12:38 hours

CPU: total 8 (initial active 8) (4 cores per cpu, 2 threads per core) family 6 model 94 stepping 3 microcode 0xec, cx8, cmov, fxsr, ht, mmx, 3dnowpref, sse, sse2, sse3, ssse3, sse4.1, sse4.2, popcnt, lzcnt, tsc, tscinvbit, avx, avx2, aes, erms, clmul, bmi1, bmi2, rtm, adx, fma, vzeroupper, clflush, clflushopt, rdtscp, f16c
Processor Information for all 8 processors :
  Max Mhz: 2701, Current Mhz: 2701, Mhz Limit: 2701

Memory: 4k page, system-wide physical 16278M (2156M free)
TotalPageFile size 16278M (AvailPageFile size 189M)
current process WorkingSet (physical memory assigned to process): 11M, peak: 11M
current process commit charge ("private bytes"): 60M, peak: 316M

vm_info: Java HotSpot(TM) 64-Bit Server VM (22.0.2+9-70) for windows-amd64 JRE (22.0.2+9-70), built on 2024-06-04T16:52:23Z by "mach5one" with MS VC++ 17.6 (VS2022)

END.
